2022-02-26 00:45:50.283 [main] INFO  org.hibernate.Version - HHH000412: Hibernate ORM core version 5.6.5.Final
2022-02-26 00:45:50.803 [main] INFO  org.hibernate.annotations.common.Version - HCANN000001: Hibernate Commons Annotations {5.1.2.Final}
2022-02-26 00:45:50.951 [main] WARN  org.hibernate.orm.connections.pooling - HHH10001002: Using Hibernate built-in connection pool (not for production use!)
2022-02-26 00:45:50.957 [main] INFO  org.hibernate.orm.connections.pooling - HHH10001005: using driver [com.mysql.cj.jdbc.Driver] at URL [jdbc:mysql://localhost:3306/panchenko]
2022-02-26 00:45:50.958 [main] INFO  org.hibernate.orm.connections.pooling - HHH10001001: Connection properties: {password=****, user=root}
2022-02-26 00:45:50.958 [main] INFO  org.hibernate.orm.connections.pooling - HHH10001003: Autocommit mode: false
2022-02-26 00:45:50.961 [main] INFO  org.hibernate.engine.jdbc.connections.internal.DriverManagerConnectionProviderImpl - HHH000115: Hibernate connection pool size: 20 (min=1)
2022-02-26 00:45:51.400 [main] INFO  org.hibernate.dialect.Dialect - HHH000400: Using dialect: org.hibernate.dialect.MySQL8Dialect
2022-02-26 00:45:52.104 [main] INFO  org.hibernate.orm.connections.access - HHH10001501: Connection obtained from JdbcConnectionAccess [org.hibernate.engine.jdbc.env.internal.JdbcEnvironmentInitiator$ConnectionProviderJdbcConnectionAccess@7558633] for (non-JTA) DDL execution was not in auto-commit mode; the Connection 'local transaction' will be committed and the Connection will be set into auto-commit mode.
2022-02-26 00:45:52.358 [main] INFO  ru.sfedu.autoHelper.lab3.HibernateDataProvider - session is opened
2022-02-26 00:45:52.361 [main] ERROR ru.sfedu.autoHelper.lab3.HibernateDataProvider - org.hibernate.MappingException: Unknown entity: java.util.Optional
2022-02-26 00:47:40.365 [main] INFO  org.hibernate.Version - HHH000412: Hibernate ORM core version 5.6.5.Final
2022-02-26 00:47:40.832 [main] INFO  org.hibernate.annotations.common.Version - HCANN000001: Hibernate Commons Annotations {5.1.2.Final}
2022-02-26 00:47:40.982 [main] WARN  org.hibernate.orm.connections.pooling - HHH10001002: Using Hibernate built-in connection pool (not for production use!)
2022-02-26 00:47:40.987 [main] INFO  org.hibernate.orm.connections.pooling - HHH10001005: using driver [com.mysql.cj.jdbc.Driver] at URL [jdbc:mysql://localhost:3306/panchenko]
2022-02-26 00:47:40.988 [main] INFO  org.hibernate.orm.connections.pooling - HHH10001001: Connection properties: {password=****, user=root}
2022-02-26 00:47:40.988 [main] INFO  org.hibernate.orm.connections.pooling - HHH10001003: Autocommit mode: false
2022-02-26 00:47:40.990 [main] INFO  org.hibernate.engine.jdbc.connections.internal.DriverManagerConnectionProviderImpl - HHH000115: Hibernate connection pool size: 20 (min=1)
2022-02-26 00:47:41.405 [main] INFO  org.hibernate.dialect.Dialect - HHH000400: Using dialect: org.hibernate.dialect.MySQL8Dialect
2022-02-26 00:47:42.150 [main] INFO  org.hibernate.orm.connections.access - HHH10001501: Connection obtained from JdbcConnectionAccess [org.hibernate.engine.jdbc.env.internal.JdbcEnvironmentInitiator$ConnectionProviderJdbcConnectionAccess@350323a0] for (non-JTA) DDL execution was not in auto-commit mode; the Connection 'local transaction' will be committed and the Connection will be set into auto-commit mode.
2022-02-26 00:47:42.307 [main] INFO  ru.sfedu.autoHelper.lab3.HibernateDataProvider - session is opened
2022-02-26 00:49:34.121 [main] ERROR ru.sfedu.autoHelper.lab3.HibernateDataProvider - org.hibernate.MappingException: Unknown entity: java.util.Optional
2022-02-26 00:50:19.201 [main] INFO  org.hibernate.Version - HHH000412: Hibernate ORM core version 5.6.5.Final
2022-02-26 00:50:19.664 [main] INFO  org.hibernate.annotations.common.Version - HCANN000001: Hibernate Commons Annotations {5.1.2.Final}
2022-02-26 00:50:19.821 [main] WARN  org.hibernate.orm.connections.pooling - HHH10001002: Using Hibernate built-in connection pool (not for production use!)
2022-02-26 00:50:19.827 [main] INFO  org.hibernate.orm.connections.pooling - HHH10001005: using driver [com.mysql.cj.jdbc.Driver] at URL [jdbc:mysql://localhost:3306/panchenko]
2022-02-26 00:50:19.828 [main] INFO  org.hibernate.orm.connections.pooling - HHH10001001: Connection properties: {password=****, user=root}
2022-02-26 00:50:19.829 [main] INFO  org.hibernate.orm.connections.pooling - HHH10001003: Autocommit mode: false
2022-02-26 00:50:19.832 [main] INFO  org.hibernate.engine.jdbc.connections.internal.DriverManagerConnectionProviderImpl - HHH000115: Hibernate connection pool size: 20 (min=1)
2022-02-26 00:50:20.226 [main] INFO  org.hibernate.dialect.Dialect - HHH000400: Using dialect: org.hibernate.dialect.MySQL8Dialect
2022-02-26 00:50:20.890 [main] INFO  org.hibernate.orm.connections.access - HHH10001501: Connection obtained from JdbcConnectionAccess [org.hibernate.engine.jdbc.env.internal.JdbcEnvironmentInitiator$ConnectionProviderJdbcConnectionAccess@350323a0] for (non-JTA) DDL execution was not in auto-commit mode; the Connection 'local transaction' will be committed and the Connection will be set into auto-commit mode.
2022-02-26 00:50:21.011 [main] INFO  ru.sfedu.autoHelper.lab3.HibernateDataProvider - session is opened
2022-02-26 00:50:36.243 [main] INFO  org.hibernate.Version - HHH000412: Hibernate ORM core version 5.6.5.Final
2022-02-26 00:50:36.629 [main] INFO  org.hibernate.annotations.common.Version - HCANN000001: Hibernate Commons Annotations {5.1.2.Final}
2022-02-26 00:50:36.772 [main] WARN  org.hibernate.orm.connections.pooling - HHH10001002: Using Hibernate built-in connection pool (not for production use!)
2022-02-26 00:50:36.776 [main] INFO  org.hibernate.orm.connections.pooling - HHH10001005: using driver [com.mysql.cj.jdbc.Driver] at URL [jdbc:mysql://localhost:3306/panchenko]
2022-02-26 00:50:36.777 [main] INFO  org.hibernate.orm.connections.pooling - HHH10001001: Connection properties: {password=****, user=root}
2022-02-26 00:50:36.777 [main] INFO  org.hibernate.orm.connections.pooling - HHH10001003: Autocommit mode: false
2022-02-26 00:50:36.779 [main] INFO  org.hibernate.engine.jdbc.connections.internal.DriverManagerConnectionProviderImpl - HHH000115: Hibernate connection pool size: 20 (min=1)
2022-02-26 00:50:37.094 [main] INFO  org.hibernate.dialect.Dialect - HHH000400: Using dialect: org.hibernate.dialect.MySQL8Dialect
2022-02-26 00:50:37.726 [main] INFO  org.hibernate.orm.connections.access - HHH10001501: Connection obtained from JdbcConnectionAccess [org.hibernate.engine.jdbc.env.internal.JdbcEnvironmentInitiator$ConnectionProviderJdbcConnectionAccess@7558633] for (non-JTA) DDL execution was not in auto-commit mode; the Connection 'local transaction' will be committed and the Connection will be set into auto-commit mode.
2022-02-26 00:50:37.842 [main] INFO  ru.sfedu.autoHelper.lab3.HibernateDataProvider - session is opened
2022-02-26 00:50:37.868 [main] INFO  ru.sfedu.autoHelper.lab3.HibernateDataProvider - file was insert successfully
2022-02-26 00:52:01.686 [main] INFO  org.hibernate.Version - HHH000412: Hibernate ORM core version 5.6.5.Final
2022-02-26 00:52:02.103 [main] INFO  org.hibernate.annotations.common.Version - HCANN000001: Hibernate Commons Annotations {5.1.2.Final}
2022-02-26 00:52:02.243 [main] WARN  org.hibernate.orm.connections.pooling - HHH10001002: Using Hibernate built-in connection pool (not for production use!)
2022-02-26 00:52:02.248 [main] INFO  org.hibernate.orm.connections.pooling - HHH10001005: using driver [com.mysql.cj.jdbc.Driver] at URL [jdbc:mysql://localhost:3306/panchenko]
2022-02-26 00:52:02.248 [main] INFO  org.hibernate.orm.connections.pooling - HHH10001001: Connection properties: {password=****, user=root}
2022-02-26 00:52:02.248 [main] INFO  org.hibernate.orm.connections.pooling - HHH10001003: Autocommit mode: false
2022-02-26 00:52:02.251 [main] INFO  org.hibernate.engine.jdbc.connections.internal.DriverManagerConnectionProviderImpl - HHH000115: Hibernate connection pool size: 20 (min=1)
2022-02-26 00:52:02.565 [main] INFO  org.hibernate.dialect.Dialect - HHH000400: Using dialect: org.hibernate.dialect.MySQL8Dialect
2022-02-26 00:52:03.188 [main] INFO  org.hibernate.orm.connections.access - HHH10001501: Connection obtained from JdbcConnectionAccess [org.hibernate.engine.jdbc.env.internal.JdbcEnvironmentInitiator$ConnectionProviderJdbcConnectionAccess@7558633] for (non-JTA) DDL execution was not in auto-commit mode; the Connection 'local transaction' will be committed and the Connection will be set into auto-commit mode.
2022-02-26 00:52:03.306 [main] INFO  ru.sfedu.autoHelper.lab3.HibernateDataProvider - session is opened
2022-02-26 00:52:03.332 [main] WARN  org.hibernate.engine.jdbc.spi.SqlExceptionHelper - SQL Error: 1062, SQLState: 23000
2022-02-26 00:52:03.333 [main] ERROR org.hibernate.engine.jdbc.spi.SqlExceptionHelper - Duplicate entry '1' for key 'infocardjoinedtable.PRIMARY'
2022-02-26 00:52:03.333 [main] INFO  org.hibernate.engine.jdbc.batch.internal.AbstractBatchImpl - HHH000010: On release of batch it still contained JDBC statements
2022-02-26 00:52:16.274 [main] INFO  org.hibernate.Version - HHH000412: Hibernate ORM core version 5.6.5.Final
2022-02-26 00:52:16.676 [main] INFO  org.hibernate.annotations.common.Version - HCANN000001: Hibernate Commons Annotations {5.1.2.Final}
2022-02-26 00:52:16.808 [main] WARN  org.hibernate.orm.connections.pooling - HHH10001002: Using Hibernate built-in connection pool (not for production use!)
2022-02-26 00:52:16.813 [main] INFO  org.hibernate.orm.connections.pooling - HHH10001005: using driver [com.mysql.cj.jdbc.Driver] at URL [jdbc:mysql://localhost:3306/panchenko]
2022-02-26 00:52:16.813 [main] INFO  org.hibernate.orm.connections.pooling - HHH10001001: Connection properties: {password=****, user=root}
2022-02-26 00:52:16.814 [main] INFO  org.hibernate.orm.connections.pooling - HHH10001003: Autocommit mode: false
2022-02-26 00:52:16.816 [main] INFO  org.hibernate.engine.jdbc.connections.internal.DriverManagerConnectionProviderImpl - HHH000115: Hibernate connection pool size: 20 (min=1)
2022-02-26 00:52:17.107 [main] INFO  org.hibernate.dialect.Dialect - HHH000400: Using dialect: org.hibernate.dialect.MySQL8Dialect
2022-02-26 00:52:17.776 [main] INFO  org.hibernate.orm.connections.access - HHH10001501: Connection obtained from JdbcConnectionAccess [org.hibernate.engine.jdbc.env.internal.JdbcEnvironmentInitiator$ConnectionProviderJdbcConnectionAccess@7558633] for (non-JTA) DDL execution was not in auto-commit mode; the Connection 'local transaction' will be committed and the Connection will be set into auto-commit mode.
2022-02-26 00:52:17.896 [main] INFO  ru.sfedu.autoHelper.lab3.HibernateDataProvider - session is opened
2022-02-26 00:52:17.923 [main] INFO  ru.sfedu.autoHelper.lab3.HibernateDataProvider - file was insert successfully
2022-02-26 00:57:39.809 [main] INFO  org.hibernate.Version - HHH000412: Hibernate ORM core version 5.6.5.Final
2022-02-26 00:57:40.222 [main] INFO  org.hibernate.annotations.common.Version - HCANN000001: Hibernate Commons Annotations {5.1.2.Final}
2022-02-26 00:57:40.357 [main] WARN  org.hibernate.orm.connections.pooling - HHH10001002: Using Hibernate built-in connection pool (not for production use!)
2022-02-26 00:57:40.361 [main] INFO  org.hibernate.orm.connections.pooling - HHH10001005: using driver [com.mysql.cj.jdbc.Driver] at URL [jdbc:mysql://localhost:3306/panchenko]
2022-02-26 00:57:40.362 [main] INFO  org.hibernate.orm.connections.pooling - HHH10001001: Connection properties: {password=****, user=root}
2022-02-26 00:57:40.362 [main] INFO  org.hibernate.orm.connections.pooling - HHH10001003: Autocommit mode: false
2022-02-26 00:57:40.364 [main] INFO  org.hibernate.engine.jdbc.connections.internal.DriverManagerConnectionProviderImpl - HHH000115: Hibernate connection pool size: 20 (min=1)
2022-02-26 00:57:40.666 [main] INFO  org.hibernate.dialect.Dialect - HHH000400: Using dialect: org.hibernate.dialect.MySQL8Dialect
2022-02-26 00:57:41.295 [main] INFO  org.hibernate.orm.connections.access - HHH10001501: Connection obtained from JdbcConnectionAccess [org.hibernate.engine.jdbc.env.internal.JdbcEnvironmentInitiator$ConnectionProviderJdbcConnectionAccess@7558633] for (non-JTA) DDL execution was not in auto-commit mode; the Connection 'local transaction' will be committed and the Connection will be set into auto-commit mode.
2022-02-26 00:57:41.411 [main] INFO  ru.sfedu.autoHelper.lab3.HibernateDataProvider - session is opened
2022-02-26 00:57:41.470 [main] INFO  ru.sfedu.autoHelper.lab3.HibernateDataProvider - file was insert successfully
2022-02-26 00:58:34.277 [main] INFO  org.hibernate.Version - HHH000412: Hibernate ORM core version 5.6.5.Final
2022-02-26 00:58:34.681 [main] INFO  org.hibernate.annotations.common.Version - HCANN000001: Hibernate Commons Annotations {5.1.2.Final}
2022-02-26 00:58:34.820 [main] WARN  org.hibernate.orm.connections.pooling - HHH10001002: Using Hibernate built-in connection pool (not for production use!)
2022-02-26 00:58:34.825 [main] INFO  org.hibernate.orm.connections.pooling - HHH10001005: using driver [com.mysql.cj.jdbc.Driver] at URL [jdbc:mysql://localhost:3306/panchenko]
2022-02-26 00:58:34.826 [main] INFO  org.hibernate.orm.connections.pooling - HHH10001001: Connection properties: {password=****, user=root}
2022-02-26 00:58:34.826 [main] INFO  org.hibernate.orm.connections.pooling - HHH10001003: Autocommit mode: false
2022-02-26 00:58:34.828 [main] INFO  org.hibernate.engine.jdbc.connections.internal.DriverManagerConnectionProviderImpl - HHH000115: Hibernate connection pool size: 20 (min=1)
2022-02-26 00:58:35.134 [main] INFO  org.hibernate.dialect.Dialect - HHH000400: Using dialect: org.hibernate.dialect.MySQL8Dialect
2022-02-26 00:58:35.759 [main] INFO  org.hibernate.orm.connections.access - HHH10001501: Connection obtained from JdbcConnectionAccess [org.hibernate.engine.jdbc.env.internal.JdbcEnvironmentInitiator$ConnectionProviderJdbcConnectionAccess@7558633] for (non-JTA) DDL execution was not in auto-commit mode; the Connection 'local transaction' will be committed and the Connection will be set into auto-commit mode.
2022-02-26 00:58:35.879 [main] INFO  ru.sfedu.autoHelper.lab3.HibernateDataProvider - session is opened
2022-02-26 00:58:35.937 [main] INFO  ru.sfedu.autoHelper.lab3.HibernateDataProvider - file was insert successfully
2022-02-26 01:00:37.156 [main] INFO  org.hibernate.Version - HHH000412: Hibernate ORM core version 5.6.5.Final
2022-02-26 01:00:37.539 [main] INFO  org.hibernate.annotations.common.Version - HCANN000001: Hibernate Commons Annotations {5.1.2.Final}
2022-02-26 01:00:37.683 [main] WARN  org.hibernate.orm.connections.pooling - HHH10001002: Using Hibernate built-in connection pool (not for production use!)
2022-02-26 01:00:37.688 [main] INFO  org.hibernate.orm.connections.pooling - HHH10001005: using driver [com.mysql.cj.jdbc.Driver] at URL [jdbc:mysql://localhost:3306/panchenko]
2022-02-26 01:00:37.688 [main] INFO  org.hibernate.orm.connections.pooling - HHH10001001: Connection properties: {password=****, user=root}
2022-02-26 01:00:37.688 [main] INFO  org.hibernate.orm.connections.pooling - HHH10001003: Autocommit mode: false
2022-02-26 01:00:37.691 [main] INFO  org.hibernate.engine.jdbc.connections.internal.DriverManagerConnectionProviderImpl - HHH000115: Hibernate connection pool size: 20 (min=1)
2022-02-26 01:00:38.004 [main] INFO  org.hibernate.dialect.Dialect - HHH000400: Using dialect: org.hibernate.dialect.MySQL8Dialect
2022-02-26 01:00:38.634 [main] INFO  org.hibernate.orm.connections.access - HHH10001501: Connection obtained from JdbcConnectionAccess [org.hibernate.engine.jdbc.env.internal.JdbcEnvironmentInitiator$ConnectionProviderJdbcConnectionAccess@7558633] for (non-JTA) DDL execution was not in auto-commit mode; the Connection 'local transaction' will be committed and the Connection will be set into auto-commit mode.
2022-02-26 01:00:38.788 [main] INFO  ru.sfedu.autoHelper.lab3.HibernateDataProvider - session is opened
2022-02-26 01:00:38.847 [main] WARN  org.hibernate.engine.jdbc.spi.SqlExceptionHelper - SQL Error: 1062, SQLState: 23000
2022-02-26 01:00:38.847 [main] ERROR org.hibernate.engine.jdbc.spi.SqlExceptionHelper - Duplicate entry '1' for key 'infocardjoinedtable.PRIMARY'
2022-02-26 01:00:38.848 [main] INFO  org.hibernate.engine.jdbc.batch.internal.AbstractBatchImpl - HHH000010: On release of batch it still contained JDBC statements
2022-02-26 01:04:40.464 [main] INFO  org.hibernate.Version - HHH000412: Hibernate ORM core version 5.6.5.Final
2022-02-26 01:04:40.864 [main] INFO  org.hibernate.annotations.common.Version - HCANN000001: Hibernate Commons Annotations {5.1.2.Final}
2022-02-26 01:04:40.996 [main] WARN  org.hibernate.orm.connections.pooling - HHH10001002: Using Hibernate built-in connection pool (not for production use!)
2022-02-26 01:04:41.000 [main] INFO  org.hibernate.orm.connections.pooling - HHH10001005: using driver [com.mysql.cj.jdbc.Driver] at URL [jdbc:mysql://localhost:3306/panchenko]
2022-02-26 01:04:41.001 [main] INFO  org.hibernate.orm.connections.pooling - HHH10001001: Connection properties: {password=****, user=root}
2022-02-26 01:04:41.001 [main] INFO  org.hibernate.orm.connections.pooling - HHH10001003: Autocommit mode: false
2022-02-26 01:04:41.003 [main] INFO  org.hibernate.engine.jdbc.connections.internal.DriverManagerConnectionProviderImpl - HHH000115: Hibernate connection pool size: 20 (min=1)
2022-02-26 01:04:41.282 [main] INFO  org.hibernate.dialect.Dialect - HHH000400: Using dialect: org.hibernate.dialect.MySQL8Dialect
2022-02-26 01:04:41.887 [main] INFO  org.hibernate.orm.connections.access - HHH10001501: Connection obtained from JdbcConnectionAccess [org.hibernate.engine.jdbc.env.internal.JdbcEnvironmentInitiator$ConnectionProviderJdbcConnectionAccess@216372b7] for (non-JTA) DDL execution was not in auto-commit mode; the Connection 'local transaction' will be committed and the Connection will be set into auto-commit mode.
2022-02-26 01:04:42.050 [main] INFO  ru.sfedu.autoHelper.lab3.HibernateDataProvider - session is opened
2022-02-26 01:04:42.068 [main] WARN  org.hibernate.engine.jdbc.spi.SqlExceptionHelper - SQL Error: 1364, SQLState: HY000
2022-02-26 01:04:42.068 [main] ERROR org.hibernate.engine.jdbc.spi.SqlExceptionHelper - Field 'id' doesn't have a default value
2022-02-26 01:04:42.071 [main] ERROR ru.sfedu.autoHelper.lab3.HibernateDataProvider - org.hibernate.exception.GenericJDBCException: could not execute statement
2022-02-26 01:08:07.223 [main] INFO  org.hibernate.Version - HHH000412: Hibernate ORM core version 5.6.5.Final
2022-02-26 01:08:07.612 [main] INFO  org.hibernate.annotations.common.Version - HCANN000001: Hibernate Commons Annotations {5.1.2.Final}
2022-02-26 01:08:07.752 [main] WARN  org.hibernate.orm.connections.pooling - HHH10001002: Using Hibernate built-in connection pool (not for production use!)
2022-02-26 01:08:07.756 [main] INFO  org.hibernate.orm.connections.pooling - HHH10001005: using driver [com.mysql.cj.jdbc.Driver] at URL [jdbc:mysql://localhost:3306/panchenko]
2022-02-26 01:08:07.756 [main] INFO  org.hibernate.orm.connections.pooling - HHH10001001: Connection properties: {password=****, user=root}
2022-02-26 01:08:07.756 [main] INFO  org.hibernate.orm.connections.pooling - HHH10001003: Autocommit mode: false
2022-02-26 01:08:07.759 [main] INFO  org.hibernate.engine.jdbc.connections.internal.DriverManagerConnectionProviderImpl - HHH000115: Hibernate connection pool size: 20 (min=1)
2022-02-26 01:08:08.050 [main] INFO  org.hibernate.dialect.Dialect - HHH000400: Using dialect: org.hibernate.dialect.MySQL8Dialect
2022-02-26 01:08:08.696 [main] INFO  org.hibernate.orm.connections.access - HHH10001501: Connection obtained from JdbcConnectionAccess [org.hibernate.engine.jdbc.env.internal.JdbcEnvironmentInitiator$ConnectionProviderJdbcConnectionAccess@7558633] for (non-JTA) DDL execution was not in auto-commit mode; the Connection 'local transaction' will be committed and the Connection will be set into auto-commit mode.
2022-02-26 01:08:08.850 [main] INFO  ru.sfedu.autoHelper.lab3.HibernateDataProvider - session is opened
2022-02-26 01:08:08.876 [main] WARN  org.hibernate.engine.jdbc.spi.SqlExceptionHelper - SQL Error: 1062, SQLState: 23000
2022-02-26 01:08:08.876 [main] ERROR org.hibernate.engine.jdbc.spi.SqlExceptionHelper - Duplicate entry '1' for key 'infocardjoinedtable.PRIMARY'
2022-02-26 01:08:08.877 [main] INFO  org.hibernate.engine.jdbc.batch.internal.AbstractBatchImpl - HHH000010: On release of batch it still contained JDBC statements
2022-02-26 01:09:19.920 [main] INFO  org.hibernate.Version - HHH000412: Hibernate ORM core version 5.6.5.Final
2022-02-26 01:09:20.325 [main] INFO  org.hibernate.annotations.common.Version - HCANN000001: Hibernate Commons Annotations {5.1.2.Final}
2022-02-26 01:09:20.461 [main] WARN  org.hibernate.orm.connections.pooling - HHH10001002: Using Hibernate built-in connection pool (not for production use!)
2022-02-26 01:09:20.465 [main] INFO  org.hibernate.orm.connections.pooling - HHH10001005: using driver [com.mysql.cj.jdbc.Driver] at URL [jdbc:mysql://localhost:3306/panchenko]
2022-02-26 01:09:20.466 [main] INFO  org.hibernate.orm.connections.pooling - HHH10001001: Connection properties: {password=****, user=root}
2022-02-26 01:09:20.466 [main] INFO  org.hibernate.orm.connections.pooling - HHH10001003: Autocommit mode: false
2022-02-26 01:09:20.468 [main] INFO  org.hibernate.engine.jdbc.connections.internal.DriverManagerConnectionProviderImpl - HHH000115: Hibernate connection pool size: 20 (min=1)
2022-02-26 01:09:20.772 [main] INFO  org.hibernate.dialect.Dialect - HHH000400: Using dialect: org.hibernate.dialect.MySQL8Dialect
2022-02-26 01:09:21.400 [main] INFO  org.hibernate.orm.connections.access - HHH10001501: Connection obtained from JdbcConnectionAccess [org.hibernate.engine.jdbc.env.internal.JdbcEnvironmentInitiator$ConnectionProviderJdbcConnectionAccess@7558633] for (non-JTA) DDL execution was not in auto-commit mode; the Connection 'local transaction' will be committed and the Connection will be set into auto-commit mode.
2022-02-26 01:09:21.516 [main] INFO  ru.sfedu.autoHelper.lab3.HibernateDataProvider - session is opened
2022-02-26 01:09:21.542 [main] INFO  ru.sfedu.autoHelper.lab3.HibernateDataProvider - file was insert successfully
2022-02-26 01:12:45.171 [main] INFO  org.hibernate.Version - HHH000412: Hibernate ORM core version 5.6.5.Final
2022-02-26 01:12:45.576 [main] INFO  org.hibernate.annotations.common.Version - HCANN000001: Hibernate Commons Annotations {5.1.2.Final}
2022-02-26 01:12:45.707 [main] WARN  org.hibernate.orm.connections.pooling - HHH10001002: Using Hibernate built-in connection pool (not for production use!)
2022-02-26 01:12:45.711 [main] INFO  org.hibernate.orm.connections.pooling - HHH10001005: using driver [com.mysql.cj.jdbc.Driver] at URL [jdbc:mysql://localhost:3306/panchenko]
2022-02-26 01:12:45.712 [main] INFO  org.hibernate.orm.connections.pooling - HHH10001001: Connection properties: {password=****, user=root}
2022-02-26 01:12:45.712 [main] INFO  org.hibernate.orm.connections.pooling - HHH10001003: Autocommit mode: false
2022-02-26 01:12:45.715 [main] INFO  org.hibernate.engine.jdbc.connections.internal.DriverManagerConnectionProviderImpl - HHH000115: Hibernate connection pool size: 20 (min=1)
2022-02-26 01:12:46.012 [main] INFO  org.hibernate.dialect.Dialect - HHH000400: Using dialect: org.hibernate.dialect.MySQL8Dialect
2022-02-26 01:12:46.641 [main] INFO  org.hibernate.orm.connections.access - HHH10001501: Connection obtained from JdbcConnectionAccess [org.hibernate.engine.jdbc.env.internal.JdbcEnvironmentInitiator$ConnectionProviderJdbcConnectionAccess@7558633] for (non-JTA) DDL execution was not in auto-commit mode; the Connection 'local transaction' will be committed and the Connection will be set into auto-commit mode.
2022-02-26 01:12:46.812 [main] INFO  ru.sfedu.autoHelper.lab3.HibernateDataProvider - session is opened
2022-02-26 01:12:46.872 [main] INFO  ru.sfedu.autoHelper.lab3.HibernateDataProvider - file was insert successfully
2022-02-26 01:13:54.985 [main] INFO  org.hibernate.Version - HHH000412: Hibernate ORM core version 5.6.5.Final
2022-02-26 01:13:55.394 [main] INFO  org.hibernate.annotations.common.Version - HCANN000001: Hibernate Commons Annotations {5.1.2.Final}
2022-02-26 01:13:55.533 [main] WARN  org.hibernate.orm.connections.pooling - HHH10001002: Using Hibernate built-in connection pool (not for production use!)
2022-02-26 01:13:55.538 [main] INFO  org.hibernate.orm.connections.pooling - HHH10001005: using driver [com.mysql.cj.jdbc.Driver] at URL [jdbc:mysql://localhost:3306/panchenko]
2022-02-26 01:13:55.538 [main] INFO  org.hibernate.orm.connections.pooling - HHH10001001: Connection properties: {password=****, user=root}
2022-02-26 01:13:55.539 [main] INFO  org.hibernate.orm.connections.pooling - HHH10001003: Autocommit mode: false
2022-02-26 01:13:55.541 [main] INFO  org.hibernate.engine.jdbc.connections.internal.DriverManagerConnectionProviderImpl - HHH000115: Hibernate connection pool size: 20 (min=1)
2022-02-26 01:13:55.810 [main] INFO  org.hibernate.dialect.Dialect - HHH000400: Using dialect: org.hibernate.dialect.MySQL8Dialect
2022-02-26 01:13:56.423 [main] INFO  org.hibernate.orm.connections.access - HHH10001501: Connection obtained from JdbcConnectionAccess [org.hibernate.engine.jdbc.env.internal.JdbcEnvironmentInitiator$ConnectionProviderJdbcConnectionAccess@7558633] for (non-JTA) DDL execution was not in auto-commit mode; the Connection 'local transaction' will be committed and the Connection will be set into auto-commit mode.
2022-02-26 01:13:56.540 [main] INFO  ru.sfedu.autoHelper.lab3.HibernateDataProvider - session is opened
2022-02-26 01:13:56.605 [main] INFO  ru.sfedu.autoHelper.lab3.HibernateDataProvider - file was insert successfully
2022-02-26 01:14:01.524 [main] INFO  org.hibernate.Version - HHH000412: Hibernate ORM core version 5.6.5.Final
2022-02-26 01:14:01.902 [main] INFO  org.hibernate.annotations.common.Version - HCANN000001: Hibernate Commons Annotations {5.1.2.Final}
2022-02-26 01:14:02.044 [main] WARN  org.hibernate.orm.connections.pooling - HHH10001002: Using Hibernate built-in connection pool (not for production use!)
2022-02-26 01:14:02.049 [main] INFO  org.hibernate.orm.connections.pooling - HHH10001005: using driver [com.mysql.cj.jdbc.Driver] at URL [jdbc:mysql://localhost:3306/panchenko]
2022-02-26 01:14:02.049 [main] INFO  org.hibernate.orm.connections.pooling - HHH10001001: Connection properties: {password=****, user=root}
2022-02-26 01:14:02.049 [main] INFO  org.hibernate.orm.connections.pooling - HHH10001003: Autocommit mode: false
2022-02-26 01:14:02.052 [main] INFO  org.hibernate.engine.jdbc.connections.internal.DriverManagerConnectionProviderImpl - HHH000115: Hibernate connection pool size: 20 (min=1)
2022-02-26 01:14:02.359 [main] INFO  org.hibernate.dialect.Dialect - HHH000400: Using dialect: org.hibernate.dialect.MySQL8Dialect
2022-02-26 01:14:02.995 [main] INFO  org.hibernate.orm.connections.access - HHH10001501: Connection obtained from JdbcConnectionAccess [org.hibernate.engine.jdbc.env.internal.JdbcEnvironmentInitiator$ConnectionProviderJdbcConnectionAccess@7558633] for (non-JTA) DDL execution was not in auto-commit mode; the Connection 'local transaction' will be committed and the Connection will be set into auto-commit mode.
2022-02-26 01:14:03.107 [main] INFO  ru.sfedu.autoHelper.lab3.HibernateDataProvider - session is opened
2022-02-26 01:14:03.171 [main] INFO  ru.sfedu.autoHelper.lab3.HibernateDataProvider - file was insert successfully
2022-02-26 01:15:07.832 [main] INFO  org.hibernate.Version - HHH000412: Hibernate ORM core version 5.6.5.Final
2022-02-26 01:15:08.233 [main] INFO  org.hibernate.annotations.common.Version - HCANN000001: Hibernate Commons Annotations {5.1.2.Final}
2022-02-26 01:15:08.377 [main] WARN  org.hibernate.orm.connections.pooling - HHH10001002: Using Hibernate built-in connection pool (not for production use!)
2022-02-26 01:15:08.382 [main] INFO  org.hibernate.orm.connections.pooling - HHH10001005: using driver [com.mysql.cj.jdbc.Driver] at URL [jdbc:mysql://localhost:3306/panchenko]
2022-02-26 01:15:08.382 [main] INFO  org.hibernate.orm.connections.pooling - HHH10001001: Connection properties: {password=****, user=root}
2022-02-26 01:15:08.383 [main] INFO  org.hibernate.orm.connections.pooling - HHH10001003: Autocommit mode: false
2022-02-26 01:15:08.386 [main] INFO  org.hibernate.engine.jdbc.connections.internal.DriverManagerConnectionProviderImpl - HHH000115: Hibernate connection pool size: 20 (min=1)
2022-02-26 01:15:08.733 [main] INFO  org.hibernate.dialect.Dialect - HHH000400: Using dialect: org.hibernate.dialect.MySQL8Dialect
2022-02-26 01:15:09.363 [main] INFO  org.hibernate.orm.connections.access - HHH10001501: Connection obtained from JdbcConnectionAccess [org.hibernate.engine.jdbc.env.internal.JdbcEnvironmentInitiator$ConnectionProviderJdbcConnectionAccess@7558633] for (non-JTA) DDL execution was not in auto-commit mode; the Connection 'local transaction' will be committed and the Connection will be set into auto-commit mode.
2022-02-26 01:15:09.485 [main] INFO  ru.sfedu.autoHelper.lab3.HibernateDataProvider - session is opened
2022-02-26 01:15:09.549 [main] INFO  ru.sfedu.autoHelper.lab3.HibernateDataProvider - file was insert successfully
2022-02-26 01:15:16.628 [main] INFO  org.hibernate.Version - HHH000412: Hibernate ORM core version 5.6.5.Final
2022-02-26 01:15:17.027 [main] INFO  org.hibernate.annotations.common.Version - HCANN000001: Hibernate Commons Annotations {5.1.2.Final}
2022-02-26 01:15:17.161 [main] WARN  org.hibernate.orm.connections.pooling - HHH10001002: Using Hibernate built-in connection pool (not for production use!)
2022-02-26 01:15:17.166 [main] INFO  org.hibernate.orm.connections.pooling - HHH10001005: using driver [com.mysql.cj.jdbc.Driver] at URL [jdbc:mysql://localhost:3306/panchenko]
2022-02-26 01:15:17.166 [main] INFO  org.hibernate.orm.connections.pooling - HHH10001001: Connection properties: {password=****, user=root}
2022-02-26 01:15:17.166 [main] INFO  org.hibernate.orm.connections.pooling - HHH10001003: Autocommit mode: false
2022-02-26 01:15:17.169 [main] INFO  org.hibernate.engine.jdbc.connections.internal.DriverManagerConnectionProviderImpl - HHH000115: Hibernate connection pool size: 20 (min=1)
2022-02-26 01:15:17.478 [main] INFO  org.hibernate.dialect.Dialect - HHH000400: Using dialect: org.hibernate.dialect.MySQL8Dialect
2022-02-26 01:15:18.100 [main] INFO  org.hibernate.orm.connections.access - HHH10001501: Connection obtained from JdbcConnectionAccess [org.hibernate.engine.jdbc.env.internal.JdbcEnvironmentInitiator$ConnectionProviderJdbcConnectionAccess@7558633] for (non-JTA) DDL execution was not in auto-commit mode; the Connection 'local transaction' will be committed and the Connection will be set into auto-commit mode.
2022-02-26 01:15:18.213 [main] INFO  ru.sfedu.autoHelper.lab3.HibernateDataProvider - session is opened
2022-02-26 01:15:18.270 [main] INFO  ru.sfedu.autoHelper.lab3.HibernateDataProvider - file was insert successfully
